\BOOKMARK [1][-]{section.1}{Introduction}{}% 1
\BOOKMARK [2][-]{subsection.1.1}{General Importance of Social Media}{section.1}% 2
\BOOKMARK [1][-]{section.2}{Background}{}% 3
\BOOKMARK [2][-]{subsection.2.1}{Economic Clusters}{section.2}% 4
\BOOKMARK [2][-]{subsection.2.2}{Organizational Buying Behavior}{section.2}% 5
\BOOKMARK [2][-]{subsection.2.3}{Generating Leads from social networks}{section.2}% 6
\BOOKMARK [2][-]{subsection.2.4}{Clustering Algorithms}{section.2}% 7
\BOOKMARK [3][-]{subsubsection.2.4.1}{Clustering characteristics}{subsection.2.4}% 8
\BOOKMARK [3][-]{subsubsection.2.4.2}{Used Clustering Algorithm}{subsection.2.4}% 9
\BOOKMARK [1][-]{section.3}{Related Work}{}% 10
\BOOKMARK [2][-]{subsection.3.1}{Statistical Approach for grouping companies}{section.3}% 11
\BOOKMARK [2][-]{subsection.3.2}{Economic Cluster Analysis}{section.3}% 12
\BOOKMARK [1][-]{section.4}{Company Clustering Algorithm}{}% 13
\BOOKMARK [2][-]{subsection.4.1}{Data}{section.4}% 14
\BOOKMARK [3][-]{subsubsection.4.1.1}{Datasources}{subsection.4.1}% 15
\BOOKMARK [3][-]{subsubsection.4.1.2}{Dataprocessing}{subsection.4.1}% 16
\BOOKMARK [3][-]{subsubsection.4.1.3}{Used data for clustering}{subsection.4.1}% 17
\BOOKMARK [2][-]{subsection.4.2}{Company Features}{section.4}% 18
\BOOKMARK [2][-]{subsection.4.3}{Calculate Proximity}{section.4}% 19
\BOOKMARK [2][-]{subsection.4.4}{Cluster scoring}{section.4}% 20
\BOOKMARK [2][-]{subsection.4.5}{Downsides}{section.4}% 21
\BOOKMARK [1][-]{section.5}{Prototype}{}% 22
\BOOKMARK [1][-]{section.6}{Evaluation}{}% 23
\BOOKMARK [2][-]{subsection.6.1}{Using total set of cluster}{section.6}% 24
\BOOKMARK [2][-]{subsection.6.2}{Using set of cluster without outlier}{section.6}% 25
\BOOKMARK [2][-]{subsection.6.3}{Comparing hierarchical clustering and kMeans}{section.6}% 26
\BOOKMARK [2][-]{subsection.6.4}{Correlation of company closeness and need development}{section.6}% 27
\BOOKMARK [2][-]{subsection.6.5}{Improving the result}{section.6}% 28
\BOOKMARK [1][-]{section.7}{Future Work}{}% 29
\BOOKMARK [1][-]{section.8}{Conclusion}{}% 30
\BOOKMARK [1][-]{section.8}{Bibliography}{}% 31
